WARNING: All log messages before absl::InitializeLog() is called are written to STDERR
I0000 00:00:1695550849.920746 3137871 tfrt_cpu_pjrt_client.cc:349] TfrtCpuClient created.
No GPU/TPU found, falling back to CPU. (Set TF_CPP_MIN_LOG_LEVEL=0 and rerun for more info.)
/home/icb/alessandro.palma/miniconda3/envs/scCFM/lib/python3.10/site-packages/scvi/_settings.py:63: UserWarning: Since v1.0.0, scvi-tools no longer uses a random seed by default. Run `scvi.settings.seed = 0` to reproduce results from previous versions.
  self.seed = seed
/home/icb/alessandro.palma/miniconda3/envs/scCFM/lib/python3.10/site-packages/scvi/_settings.py:70: UserWarning: Setting `dl_pin_memory_gpu_training` is deprecated in v1.0 and will be removed in v1.1. Please pass in `pin_memory` to the data loaders instead.
  self.dl_pin_memory_gpu_training = (
wandb: Currently logged in as: allepalma. Use `wandb login --relogin` to force relogin
wandb: wandb version 0.15.11 is available!  To upgrade, please run:
wandb:  $ pip install wandb --upgrade
wandb: Tracking run with wandb version 0.15.10
wandb: Run data is saved locally in /home/icb/alessandro.palma/environment/scCFM/project_dir/experiments/4_OFFICIAL_cfm_schiebinger_latent_LEAVEOUT/wandb/run-20230924_122141-o5qqcvbs
wandb: Run `wandb offline` to turn off syncing.
wandb: Syncing run youthful-firefly-4
wandb: ⭐️ View project at https://wandb.ai/allepalma/4_OFFICIAL_cfm_schiebinger_latent_leaveout
wandb: 🚀 View run at https://wandb.ai/allepalma/4_OFFICIAL_cfm_schiebinger_latent_leaveout/runs/o5qqcvbs
GPU available: True (cuda), used: True
TPU available: False, using: 0 TPU cores
IPU available: False, using: 0 IPUs
HPU available: False, using: 0 HPUs
/home/icb/alessandro.palma/miniconda3/envs/scCFM/lib/python3.10/site-packages/pytorch_lightning/callbacks/model_checkpoint.py:617: UserWarning: Checkpoint directory /lustre/groups/ml01/workspace/alessandro.palma/scCFM/experiments/4_OFFICIAL_cfm_schiebinger_latent_LEAVEOUT/checkpoints exists and is not empty.
  rank_zero_warn(f"Checkpoint directory {dirpath} exists and is not empty.")
LOCAL_RANK: 0 - CUDA_VISIBLE_DEVICES: [0]

  | Name      | Type      | Params
----------------------------------------
0 | net       | MLP       | 9.9 K 
1 | node      | NeuralODE | 9.9 K 
2 | criterion | MSELoss   | 0     
----------------------------------------
9.9 K     Trainable params
0         Non-trainable params
9.9 K     Total params
0.039     Total estimated model params size (MB)
SLURM auto-requeueing enabled. Setting signal handlers.
/home/icb/alessandro.palma/miniconda3/envs/scCFM/lib/python3.10/site-packages/pytorch_lightning/trainer/connectors/data_connector.py:442: PossibleUserWarning: The dataloader, val_dataloader, does not have many workers which may be a bottleneck. Consider increasing the value of the `num_workers` argument` (try 112 which is the number of cpus on this machine) in the `DataLoader` init to improve performance.
  rank_zero_warn(
/home/icb/alessandro.palma/miniconda3/envs/scCFM/lib/python3.10/site-packages/pytorch_lightning/trainer/connectors/data_connector.py:442: PossibleUserWarning: The dataloader, train_dataloader, does not have many workers which may be a bottleneck. Consider increasing the value of the `num_workers` argument` (try 112 which is the number of cpus on this machine) in the `DataLoader` init to improve performance.
  rank_zero_warn(
/home/icb/alessandro.palma/miniconda3/envs/scCFM/lib/python3.10/site-packages/pytorch_lightning/loops/fit_loop.py:281: PossibleUserWarning: The number of training batches (24) is smaller than the logging interval Trainer(log_every_n_steps=50). Set a lower value for log_every_n_steps if you want to see logs for the training epoch.
  rank_zero_warn(
slurmstepd: error: *** JOB 13694343 ON supergpu03 CANCELLED AT 2023-09-24T20:53:51 ***
slurmstepd: error: *** STEP 13694343.0 ON supergpu03 CANCELLED AT 2023-09-24T20:53:51 ***
[rank: 0] Received SIGTERM: 15
Bypassing SIGTERM: 15
submitit WARNING (2023-09-24 20:53:51,934) - Bypassing signal SIGTERM
submitit WARNING (2023-09-24 20:53:51,935) - Bypassing signal SIGCONT
