WARNING: All log messages before absl::InitializeLog() is called are written to STDERR
I0000 00:00:1695475567.454664 2229715 tfrt_cpu_pjrt_client.cc:349] TfrtCpuClient created.
No GPU/TPU found, falling back to CPU. (Set TF_CPP_MIN_LOG_LEVEL=0 and rerun for more info.)
/home/icb/alessandro.palma/miniconda3/envs/scCFM/lib/python3.10/site-packages/scvi/_settings.py:63: UserWarning: Since v1.0.0, scvi-tools no longer uses a random seed by default. Run `scvi.settings.seed = 0` to reproduce results from previous versions.
  self.seed = seed
/home/icb/alessandro.palma/miniconda3/envs/scCFM/lib/python3.10/site-packages/scvi/_settings.py:70: UserWarning: Setting `dl_pin_memory_gpu_training` is deprecated in v1.0 and will be removed in v1.1. Please pass in `pin_memory` to the data loaders instead.
  self.dl_pin_memory_gpu_training = (
wandb: Currently logged in as: allepalma. Use `wandb login --relogin` to force relogin
wandb: wandb version 0.15.11 is available!  To upgrade, please run:
wandb:  $ pip install wandb --upgrade
wandb: Tracking run with wandb version 0.15.10
wandb: Run data is saved locally in /home/icb/alessandro.palma/environment/scCFM/project_dir/experiments/1_OFFICIAL_cfm_eb_latent_geodesic_LEAVEOUT/wandb/run-20230923_152616-7uoptxsh
wandb: Run `wandb offline` to turn off syncing.
wandb: Syncing run copper-sea-5
wandb: ⭐️ View project at https://wandb.ai/allepalma/1_OFFICIAL_cfm_eb_latent_geodesic_leaveout
wandb: 🚀 View run at https://wandb.ai/allepalma/1_OFFICIAL_cfm_eb_latent_geodesic_leaveout/runs/7uoptxsh
Traceback (most recent call last):
  File "/home/icb/alessandro.palma/environment/scCFM/scCFM/train_hydra/utils/exceptions.py", line 11, in __call__
    return self.f(*args, **kwargs)
  File "/home/icb/alessandro.palma/environment/scCFM/scCFM/train_hydra/train_cfm.py", line 103, in main
    logger.log_config(config)
AttributeError: 'WandbLogger' object has no attribute 'log_config'
wandb: Waiting for W&B process to finish... (success).
wandb: 🚀 View run copper-sea-5 at: https://wandb.ai/allepalma/1_OFFICIAL_cfm_eb_latent_geodesic_leaveout/runs/7uoptxsh
wandb: Synced 6 W&B file(s), 0 media file(s), 0 artifact file(s) and 0 other file(s)
wandb: Find logs at: /home/icb/alessandro.palma/environment/scCFM/project_dir/experiments/1_OFFICIAL_cfm_eb_latent_geodesic_LEAVEOUT/wandb/run-20230923_152616-7uoptxsh/logs
